<?xml version="1.0" encoding="UTF-8" ?>
<testsuite tests="5" failures="0" name="cucmberRunner.TestRunner" time="0.011" errors="0" skipped="0">
  <properties>
[...]
</properties>
  <testcase classname="| 255628 | Dontforget@1234 |" name="Given User navigates to &quot;https://www.ultimatix.net&quot;" time="0.011"/>
  <testcase classname="| 255628 | Dontforget@1234 |" name="When User enters  &quot;255628&quot;  and  &quot;Dontforget@1234&quot;" time="0"/>
  <testcase classname="| 255628 | Dontforget@1234 |" name="And User Clicks on login button" time="0"/>
  <testcase classname="| 255628 | Dontforget@1234 |" name="Then Ultimatix homepage  needs to be displayed" time="0"/>
  <testcase classname="| 255628 | Dontforget@1234 |" name="| 255628 | Dontforget@1234 |" time="0"/>
</testsuite>